<?xml version="1.0" encoding="UTF-8"?>
<testsuite name="com.example.project.TestSearch" tests="8" skipped="0" failures="0" errors="0" timestamp="2025-03-18T12:49:59" hostname="codespaces-e41c74" time="0.11">
  <properties/>
  <testcase name="testLinearSearchFoundList()" classname="com.example.project.TestSearch" time="0.011"/>
  <testcase name="testLinearSearchFirstArrayList()" classname="com.example.project.TestSearch" time="0.011"/>
  <testcase name="testLinearSearchFoundArray()" classname="com.example.project.TestSearch" time="0.005"/>
  <testcase name="testLinearSearchCountList()" classname="com.example.project.TestSearch" time="0.007"/>
  <testcase name="testLinearSearchCountArray()" classname="com.example.project.TestSearch" time="0.001"/>
  <testcase name="testLinearSearchLastArray()" classname="com.example.project.TestSearch" time="0.01"/>
  <testcase name="testLinearSearchFirstArray()" classname="com.example.project.TestSearch" time="0.001"/>
  <testcase name="testLinearSearchLastList()" classname="com.example.project.TestSearch" time="0.017"/>
  <system-out><![CDATA[]]></system-out>
  <system-err><![CDATA[]]></system-err>
</testsuite>
